# JRE version: OpenJDK Runtime Environment (7.0_55-b14) (build 1.7.0_55-b14)
# Java VM: OpenJDK 64-Bit Server VM (24.51-b03 mixed mode linux-amd64 compressed oops)
Heap
 par new generation   total 613440K, used 553727K [0x0000000475a00000, 0x000000049f390000, 0x000000049f390000)
  eden space 545344K, 100% used [0x0000000475a00000, 0x0000000496e90000, 0x0000000496e90000)
  from space 68096K,  12% used [0x000000049b110000, 0x000000049b93fc08, 0x000000049f390000)
  to   space 68096K,   1% used [0x0000000496e90000, 0x0000000496fb1f80, 0x000000049b110000)
 concurrent mark-sweep generation total 9636572K, used 7731712K [0x000000049f390000, 0x00000006eb647000, 0x00000007f5a00000)
 concurrent-mark-sweep perm gen total 37060K, used 22229K [0x00000007f5a00000, 0x00000007f7e31000, 0x0000000800000000)
GC Heap History (10 events):
Event: 1278.496 GC heap after
Heap after GC invocations=477 (full 7):
 par new generation   total 613440K, used 632K [0x0000000475a00000, 0x000000049f390000, 0x000000049f390000)
  eden space 545344K,   0% used [0x0000000475a00000, 0x0000000475a00000, 0x0000000496e90000)
  from space 68096K,   0% used [0x000000049b110000, 0x000000049b1ae278, 0x000000049f390000)
  to   space 68096K,   0% used [0x0000000496e90000, 0x0000000496e90000, 0x000000049b110000)
 concurrent mark-sweep generation total 9636572K, used 4835100K [0x000000049f390000, 0x00000006eb647000, 0x00000007f5a00000)
 concurrent-mark-sweep perm gen total 37060K, used 22229K [0x00000007f5a00000, 0x00000007f7e31000, 0x0000000800000000)
}
Event: 1279.389 GC heap before
{Heap before GC invocations=477 (full 7):
 par new generation   total 613440K, used 545976K [0x0000000475a00000, 0x000000049f390000, 0x000000049f390000)
  eden space 545344K, 100% used [0x0000000475a00000, 0x0000000496e90000, 0x0000000496e90000)
  from space 68096K,   0% used [0x000000049b110000, 0x000000049b1ae278, 0x000000049f390000)
  to   space 68096K,   0% used [0x0000000496e90000, 0x0000000496e90000, 0x000000049b110000)
 concurrent mark-sweep generation total 9636572K, used 4835100K [0x000000049f390000, 0x00000006eb647000, 0x00000007f5a00000)
 concurrent-mark-sweep perm gen total 37060K, used 22229K [0x00000007f5a00000, 0x00000007f7e31000, 0x0000000800000000)
Event: 1279.401 GC heap after
Heap after GC invocations=478 (full 7):
 par new generation   total 613440K, used 72K [0x0000000475a00000, 0x000000049f390000, 0x000000049f390000)
  eden space 545344K,   0% used [0x0000000475a00000, 0x0000000475a00000, 0x0000000496e90000)
  from space 68096K,   0% used [0x0000000496e90000, 0x0000000496ea2330, 0x000000049b110000)
  to   space 68096K,   0% used [0x000000049b110000, 0x000000049b110000, 0x000000049f390000)
 concurrent mark-sweep generation total 9636572K, used 4835639K [0x000000049f390000, 0x00000006eb647000, 0x00000007f5a00000)
 concurrent-mark-sweep perm gen total 37060K, used 22229K [0x00000007f5a00000, 0x00000007f7e31000, 0x0000000800000000)
}
Event: 1280.322 GC heap before
{Heap before GC invocations=478 (full 7):
 par new generation   total 613440K, used 545416K [0x0000000475a00000, 0x000000049f390000, 0x000000049f390000)
  eden space 545344K, 100% used [0x0000000475a00000, 0x0000000496e90000, 0x0000000496e90000)
  from space 68096K,   0% used [0x0000000496e90000, 0x0000000496ea2330, 0x000000049b110000)
  to   space 68096K,   0% used [0x000000049b110000, 0x000000049b110000, 0x000000049f390000)
 concurrent mark-sweep generation total 9636572K, used 4835639K [0x000000049f390000, 0x00000006eb647000, 0x00000007f5a00000)
 concurrent-mark-sweep perm gen total 37060K, used 22229K [0x00000007f5a00000, 0x00000007f7e31000, 0x0000000800000000)
Event: 1280.333 GC heap after
Heap after GC invocations=479 (full 7):
 par new generation   total 613440K, used 72K [0x0000000475a00000, 0x000000049f390000, 0x000000049f390000)
  eden space 545344K,   0% used [0x0000000475a00000, 0x0000000475a00000, 0x0000000496e90000)
  from space 68096K,   0% used [0x000000049b110000, 0x000000049b122330, 0x000000049f390000)
  to   space 68096K,   0% used [0x0000000496e90000, 0x0000000496e90000, 0x000000049b110000)
 concurrent mark-sweep generation total 9636572K, used 4835639K [0x000000049f390000, 0x00000006eb647000, 0x00000007f5a00000)
 concurrent-mark-sweep perm gen total 37060K, used 22229K [0x00000007f5a00000, 0x00000007f7e31000, 0x0000000800000000)
}
Event: 1281.203 GC heap before
{Heap before GC invocations=479 (full 7):
 par new generation   total 613440K, used 545416K [0x0000000475a00000, 0x000000049f390000, 0x000000049f390000)
  eden space 545344K, 100% used [0x0000000475a00000, 0x0000000496e90000, 0x0000000496e90000)
  from space 68096K,   0% used [0x000000049b110000, 0x000000049b122330, 0x000000049f390000)
  to   space 68096K,   0% used [0x0000000496e90000, 0x0000000496e90000, 0x000000049b110000)
 concurrent mark-sweep generation total 9636572K, used 4835639K [0x000000049f390000, 0x00000006eb647000, 0x00000007f5a00000)
 concurrent-mark-sweep perm gen total 37060K, used 22229K [0x00000007f5a00000, 0x00000007f7e31000, 0x0000000800000000)
Event: 1281.216 GC heap after
Heap after GC invocations=480 (full 7):
 par new generation   total 613440K, used 72K [0x0000000475a00000, 0x000000049f390000, 0x000000049f390000)
  eden space 545344K,   0% used [0x0000000475a00000, 0x0000000475a00000, 0x0000000496e90000)
  from space 68096K,   0% used [0x0000000496e90000, 0x0000000496ea2330, 0x000000049b110000)
  to   space 68096K,   0% used [0x000000049b110000, 0x000000049b110000, 0x000000049f390000)
 concurrent mark-sweep generation total 9636572K, used 4835639K [0x000000049f390000, 0x00000006eb647000, 0x00000007f5a00000)
 concurrent-mark-sweep perm gen total 37060K, used 22229K [0x00000007f5a00000, 0x00000007f7e31000, 0x0000000800000000)
}
Event: 1320.916 GC heap before
{Heap before GC invocations=480 (full 7):
 par new generation   total 613440K, used 545416K [0x0000000475a00000, 0x000000049f390000, 0x000000049f390000)
  eden space 545344K, 100% used [0x0000000475a00000, 0x0000000496e90000, 0x0000000496e90000)
  from space 68096K,   0% used [0x0000000496e90000, 0x0000000496ea2330, 0x000000049b110000)
  to   space 68096K,   0% used [0x000000049b110000, 0x000000049b110000, 0x000000049f390000)
 concurrent mark-sweep generation total 9636572K, used 7731712K [0x000000049f390000, 0x00000006eb647000, 0x00000007f5a00000)
 concurrent-mark-sweep perm gen total 37060K, used 22229K [0x00000007f5a00000, 0x00000007f7e31000, 0x0000000800000000)
Event: 1320.938 GC heap after
Heap after GC invocations=481 (full 7):
 par new generation   total 613440K, used 8383K [0x0000000475a00000, 0x000000049f390000, 0x000000049f390000)
  eden space 545344K,   0% used [0x0000000475a00000, 0x0000000475a00000, 0x0000000496e90000)
  from space 68096K,  12% used [0x000000049b110000, 0x000000049b93fc08, 0x000000049f390000)
  to   space 68096K,   0% used [0x0000000496e90000, 0x0000000496e90000, 0x000000049b110000)
 concurrent mark-sweep generation total 9636572K, used 7731712K [0x000000049f390000, 0x00000006eb647000, 0x00000007f5a00000)
 concurrent-mark-sweep perm gen total 37060K, used 22229K [0x00000007f5a00000, 0x00000007f7e31000, 0x0000000800000000)
}
Event: 1335.923 GC heap before
{Heap before GC invocations=481 (full 7):
 par new generation   total 613440K, used 553727K [0x0000000475a00000, 0x000000049f390000, 0x000000049f390000)
  eden space 545344K, 100% used [0x0000000475a00000, 0x0000000496e90000, 0x0000000496e90000)
  from space 68096K,  12% used [0x000000049b110000, 0x000000049b93fc08, 0x000000049f390000)
  to   space 68096K,   0% used [0x0000000496e90000, 0x0000000496e90000, 0x000000049b110000)
 concurrent mark-sweep generation total 9636572K, used 7731712K [0x000000049f390000, 0x00000006eb647000, 0x00000007f5a00000)
 concurrent-mark-sweep perm gen total 37060K, used 22229K [0x00000007f5a00000, 0x00000007f7e31000, 0x0000000800000000)

